SET_PARAMETER c_lane_width 2
SET_PARAMETER c_column_used left
SET_PARAMETER c_use_chipscope false
SET_PARAMETER c_gt_clock_1 GTXQ0
SET_PARAMETER c_gt_clock_2 None
SET_PARAMETER c_gt_loc_10 X
SET_PARAMETER c_gt_loc_11 X
SET_PARAMETER c_gt_loc_12 X
SET_PARAMETER c_gt_loc_13 X
SET_PARAMETER c_gt_loc_14 X
SET_PARAMETER c_gt_loc_20 X
SET_PARAMETER c_gt_loc_15 X
SET_PARAMETER c_gt_loc_21 X
SET_PARAMETER c_gt_loc_16 X
SET_PARAMETER c_gt_loc_22 X
SET_PARAMETER c_gt_loc_17 X
SET_PARAMETER c_gt_loc_23 X
SET_PARAMETER c_gt_loc_18 X
SET_PARAMETER c_refclk_frequency 125.000
SET_PARAMETER c_gt_loc_19 X
SET_PARAMETER c_gt_loc_24 X
SET_PARAMETER c_gt_loc_30 X
SET_PARAMETER c_gt_loc_25 X
SET_PARAMETER c_gt_loc_31 X
SET_PARAMETER c_gt_loc_26 X
SET_PARAMETER c_gt_loc_32 X
SET_PARAMETER c_gt_loc_27 X
SET_PARAMETER c_gt_loc_33 X
SET_PARAMETER c_gt_loc_28 X
SET_PARAMETER c_gt_loc_34 X
SET_PARAMETER c_gt_loc_29 X
SET_PARAMETER c_gt_loc_40 X
SET_PARAMETER c_gt_loc_35 X
SET_PARAMETER c_gt_loc_41 X
SET_PARAMETER c_gt_loc_36 X
SET_PARAMETER c_gt_loc_42 X
SET_PARAMETER c_gt_loc_37 X
SET_PARAMETER c_gt_loc_43 X
SET_PARAMETER c_gt_loc_38 X
SET_PARAMETER c_gt_loc_44 X
SET_PARAMETER c_gt_loc_39 X
SET_PARAMETER c_gt_loc_45 X
SET_PARAMETER c_gt_loc_46 X
SET_PARAMETER c_gt_loc_47 X
SET_PARAMETER c_gt_loc_48 X
SET_PARAMETER interface_mode Framing
SET_PARAMETER c_row_used None
SET_PARAMETER component_name aurora8b10b_2
SET_PARAMETER c_aurora_lanes 1
SET_PARAMETER c_use_scrambler false
SET_PARAMETER backchannel_mode Sidebands
SET_PARAMETER c_line_rate 3.125
SET_PARAMETER c_use_crc false
SET_PARAMETER c_gt_loc_1 X
SET_PARAMETER c_gt_loc_2 X
SET_PARAMETER c_gt_loc_3 X
SET_PARAMETER c_gt_loc_4 1
SET_PARAMETER c_gt_loc_5 X
SET_PARAMETER c_gt_loc_6 X
SET_PARAMETER flow_mode None
SET_PARAMETER c_gt_loc_7 X
SET_PARAMETER c_gt_loc_8 X
SET_PARAMETER c_gt_loc_9 X
SET_PARAMETER dataflow_config Duplex
SET_ERROR_CODE 2
SET_ERROR_MSG  CANCEL: Customization cancelled.
SET_ERROR_TEXT Finished initializing IP model.	
