INFO:sim:172 - Generating IP...
Applying current project options...
Finished applying current project options.
Resolving generics for 'slv_rd_fifo'...
WARNING:sim - A core named 'slv_rd_fifo' already exists in the project. Output
   products for this core may be overwritten.
Applying external generics to 'slv_rd_fifo'...
Delivering associated files for 'slv_rd_fifo'...
Delivering EJava files for 'slv_rd_fifo'...
Generating implementation netlist for 'slv_rd_fifo'...
INFO:sim - Pre-processing HDL files for 'slv_rd_fifo'...
WARNING:sim - BlackBox generator run option '-ifmt' found multiple times. Only
   the first occurence is considered.
Running synthesis for 'slv_rd_fifo'
Running ngcbuild...
Writing VEO instantiation template for 'slv_rd_fifo'...
Writing Verilog behavioral simulation model for 'slv_rd_fifo'...
Generating ASY schematic symbol...
INFO:sim:949 - Finished generation of ASY schematic symbol.
Generating SYM schematic symbol for 'slv_rd_fifo'...
Generating metadata file...
Generating ISE project...
XCO file found: slv_rd_fifo.xco
XMDF file found: slv_rd_fifo_xmdf.tcl
Adding
C:/Users/ZhengchengTao/Documents/GLIB_Aurora/prj/Aurora2/remote_sources/_/_/src/
system/pcie/sys_pcie/ezdma2_ipbus_int/cores/slv_rd_fifo/tmp/_cg/fifo_generator_v
8_2_readme.txt -view all -origin_type imported
Adding
C:/Users/ZhengchengTao/Documents/GLIB_Aurora/prj/Aurora2/remote_sources/_/_/src/
system/pcie/sys_pcie/ezdma2_ipbus_int/cores/slv_rd_fifo/tmp/_cg/slv_rd_fifo.asy
-view all -origin_type imported
Adding
C:/Users/ZhengchengTao/Documents/GLIB_Aurora/prj/Aurora2/remote_sources/_/_/src/
system/pcie/sys_pcie/ezdma2_ipbus_int/cores/slv_rd_fifo/tmp/_cg/slv_rd_fifo.ngc
-view all -origin_type created
Checking file
"C:/Users/ZhengchengTao/Documents/GLIB_Aurora/prj/Aurora2/remote_sources/_/_/src
/system/pcie/sys_pcie/ezdma2_ipbus_int/cores/slv_rd_fifo/tmp/_cg/slv_rd_fifo.ngc
" for project device match ...
File
"C:/Users/ZhengchengTao/Documents/GLIB_Aurora/prj/Aurora2/remote_sources/_/_/src
/system/pcie/sys_pcie/ezdma2_ipbus_int/cores/slv_rd_fifo/tmp/_cg/slv_rd_fifo.ngc
" device information matches project device.
Adding
C:/Users/ZhengchengTao/Documents/GLIB_Aurora/prj/Aurora2/remote_sources/_/_/src/
system/pcie/sys_pcie/ezdma2_ipbus_int/cores/slv_rd_fifo/tmp/_cg/slv_rd_fifo.sym
-view all -origin_type imported
Adding
C:/Users/ZhengchengTao/Documents/GLIB_Aurora/prj/Aurora2/remote_sources/_/_/src/
system/pcie/sys_pcie/ezdma2_ipbus_int/cores/slv_rd_fifo/tmp/_cg/slv_rd_fifo.v
-view all -origin_type created
INFO:HDLCompiler:1845 - Analyzing Verilog file
   "C:/Users/ZhengchengTao/Documents/GLIB_Aurora/prj/Aurora2/remote_sources/_/_/
   src/system/pcie/sys_pcie/ezdma2_ipbus_int/cores/slv_rd_fifo/tmp/_cg/slv_rd_fi
   fo.v" into library work
INFO:ProjectMgmt - Parsing design hierarchy completed successfully.
Adding
C:/Users/ZhengchengTao/Documents/GLIB_Aurora/prj/Aurora2/remote_sources/_/_/src/
system/pcie/sys_pcie/ezdma2_ipbus_int/cores/slv_rd_fifo/tmp/_cg/slv_rd_fifo.veo
-view all -origin_type imported
INFO:TclTasksC:2116 - The automatic calculation of top has been turned-off.
   Please set the new top explicitly by running the "project set top" command.
   To re-calculate the new top automatically, set the "Auto Implementation Top"
   property to true.
Top level has been set to "/slv_rd_fifo"
Generating README file...
Generating FLIST file...
INFO:sim:948 - Finished FLIST file generation.
Moving files to output directory...
Finished moving files to output directory
Wrote CGP file for project 'slv_rd_fifo'.
