ISim log file
Running: C:\Users\LabView User\Documents\ztaotest\GLIB_Aurora\prj\cornell_v0_tao2\aurora_top_tb_isim_beh.exe -intstyle ise -gui -tclbatch isim.cmd -wdb C:/Users/LabView User/Documents/ztaotest/GLIB_Aurora/prj/cornell_v0_tao2/aurora_top_tb_isim_beh.wdb 
ISim P.20131013 (signature 0x8ef4fb42)
----------------------------------------------------------------------
INFO:Security:50 - The XILINXD_LICENSE_FILE environment variable is set to '2100@pc176'.
INFO:Security:53 - The LM_LICENSE_FILE environment variable is not set.
WARNING:Security:43 - No license file was found in the standard Xilinx license directory.
WARNING:Security:44 - Since no license file was found,
       please run the Xilinx License Configuration Manager
       (xlcm or "Manage Xilinx Licenses")
       to assist in obtaining a license.
WARNING:Security:42 - Your software subscription period has lapsed. Your current version of Xilinx tools will continue to function, but you no longer qualify for Xilinx software updates or new releases.


----------------------------------------------------------------------
This is a Full version of ISim.
Time resolution is 1 ps
# onerror resume
# wave add /
# run 1000 ns
Simulator is doing circuit initialization process.
at 0 ps: Note: WARNING: Behavioral models for independent clock FIFO configurations do not model synchronization delays. The behavioral models are functionally correct, and will represent the behavior of the configured FIFO. See the FIFO Generator User Guide for more information. (/aurora_top_tb/uut/aurora_i_1/tx_fifo/U0/gaxis_fifo/gaxisf/axisf/).
at 0 ps: Note: WARNING: Behavioral models for independent clock FIFO configurations do not model synchronization delays. The behavioral models are functionally correct, and will represent the behavior of the configured FIFO. See the FIFO Generator User Guide for more information. (/aurora_top_tb/uut/aurora_i_1/rx_fifo/U0/gaxis_fifo/gaxisf/axisf/).
at 0 ps, Instance /aurora_top_tb/uut/aurora_i_1/aurora_module_i/axi_to_ll_pdu_i/ : Warning: There is an 'U'|'X'|'W'|'Z'|'-' in an arithmetic operand, the result will be 'X'(es).
at 0 ps, Instance /aurora_top_tb/uut/aurora_i_1/aurora_module_i/ll_to_axi_pdu_i/ : Warning: NUMERIC_STD.TO_INTEGER: metavalue detected, returning 0
at 0 ps, Instance /aurora_top_tb/uut/aurora_i_1/aurora_module_i/aurora8b10b_1_rx_ll_i/rx_ll_pdu_datapath_i/stage_2_valid_data_counter_i/ : Warning: There is an 'U'|'X'|'W'|'Z'|'-' in an arithmetic operand, the result will be 'X'(es).
at 0 ps, Instance /aurora_top_tb/uut/aurora_i_1/aurora_module_i/aurora8b10b_1_rx_ll_i/rx_ll_pdu_datapath_i/stage_2_valid_data_counter_i/ : Warning: There is an 'U'|'X'|'W'|'Z'|'-' in an arithmetic operand, the result will be 'X'(es).
at 0 ps: Note: WARNING: Behavioral models for independent clock FIFO configurations do not model synchronization delays. The behavioral models are functionally correct, and will represent the behavior of the configured FIFO. See the FIFO Generator User Guide for more information. (/aurora_top_tb/uut/aurora_i_2/tx_fifo/U0/gaxis_fifo/gaxisf/axisf/).
at 0 ps: Note: WARNING: Behavioral models for independent clock FIFO configurations do not model synchronization delays. The behavioral models are functionally correct, and will represent the behavior of the configured FIFO. See the FIFO Generator User Guide for more information. (/aurora_top_tb/uut/aurora_i_2/rx_fifo/U0/gaxis_fifo/gaxisf/axisf/).
at 0 ps, Instance /aurora_top_tb/uut/aurora_i_2/aurora_module_i_2/ll_to_axi_pdu_i/ : Warning: NUMERIC_STD.TO_INTEGER: metavalue detected, returning 0
at 0 ps, Instance /aurora_top_tb/uut/aurora_i_2/aurora_module_i_2/aurora8b10b_2_rx_ll_i/rx_ll_pdu_datapath_i/stage_2_valid_data_counter_i/ : Warning: There is an 'U'|'X'|'W'|'Z'|'-' in an arithmetic operand, the result will be 'X'(es).
at 0 ps, Instance /aurora_top_tb/uut/aurora_i_2/aurora_module_i_2/aurora8b10b_2_rx_ll_i/rx_ll_pdu_datapath_i/stage_2_valid_data_counter_i/ : Warning: There is an 'U'|'X'|'W'|'Z'|'-' in an arithmetic operand, the result will be 'X'(es).
Finished circuit initialization process.
# restart
# run 25.00us
Simulator is doing circuit initialization process.
at 0 ps: Note: WARNING: Behavioral models for independent clock FIFO configurations do not model synchronization delays. The behavioral models are functionally correct, and will represent the behavior of the configured FIFO. See the FIFO Generator User Guide for more information. (/aurora_top_tb/uut/aurora_i_1/tx_fifo/U0/gaxis_fifo/gaxisf/axisf/).
at 0 ps: Note: WARNING: Behavioral models for independent clock FIFO configurations do not model synchronization delays. The behavioral models are functionally correct, and will represent the behavior of the configured FIFO. See the FIFO Generator User Guide for more information. (/aurora_top_tb/uut/aurora_i_1/rx_fifo/U0/gaxis_fifo/gaxisf/axisf/).
at 0 ps, Instance /aurora_top_tb/uut/aurora_i_1/aurora_module_i/ll_to_axi_pdu_i/ : Warning: NUMERIC_STD.TO_INTEGER: metavalue detected, returning 0
at 0 ps, Instance /aurora_top_tb/uut/aurora_i_1/aurora_module_i/aurora8b10b_1_rx_ll_i/rx_ll_pdu_datapath_i/stage_2_valid_data_counter_i/ : Warning: There is an 'U'|'X'|'W'|'Z'|'-' in an arithmetic operand, the result will be 'X'(es).
at 0 ps, Instance /aurora_top_tb/uut/aurora_i_1/aurora_module_i/aurora8b10b_1_rx_ll_i/rx_ll_pdu_datapath_i/stage_2_valid_data_counter_i/ : Warning: There is an 'U'|'X'|'W'|'Z'|'-' in an arithmetic operand, the result will be 'X'(es).
at 0 ps: Note: WARNING: Behavioral models for independent clock FIFO configurations do not model synchronization delays. The behavioral models are functionally correct, and will represent the behavior of the configured FIFO. See the FIFO Generator User Guide for more information. (/aurora_top_tb/uut/aurora_i_2/tx_fifo/U0/gaxis_fifo/gaxisf/axisf/).
at 0 ps: Note: WARNING: Behavioral models for independent clock FIFO configurations do not model synchronization delays. The behavioral models are functionally correct, and will represent the behavior of the configured FIFO. See the FIFO Generator User Guide for more information. (/aurora_top_tb/uut/aurora_i_2/rx_fifo/U0/gaxis_fifo/gaxisf/axisf/).
at 0 ps, Instance /aurora_top_tb/uut/aurora_i_2/aurora_module_i_2/ll_to_axi_pdu_i/ : Warning: NUMERIC_STD.TO_INTEGER: metavalue detected, returning 0
at 0 ps, Instance /aurora_top_tb/uut/aurora_i_2/aurora_module_i_2/aurora8b10b_2_rx_ll_i/rx_ll_pdu_datapath_i/stage_2_valid_data_counter_i/ : Warning: There is an 'U'|'X'|'W'|'Z'|'-' in an arithmetic operand, the result will be 'X'(es).
at 0 ps, Instance /aurora_top_tb/uut/aurora_i_2/aurora_module_i_2/aurora8b10b_2_rx_ll_i/rx_ll_pdu_datapath_i/stage_2_valid_data_counter_i/ : Warning: There is an 'U'|'X'|'W'|'Z'|'-' in an arithmetic operand, the result will be 'X'(es).
Finished circuit initialization process.
at 1277247 ps(2), Instance /aurora_top_tb/uut/aurora_i_1/aurora_module_i/ll_to_axi_pdu_i/ : Warning: NUMERIC_STD.TO_INTEGER: metavalue detected, returning 0
at 1277247 ps(2), Instance /aurora_top_tb/uut/aurora_i_2/aurora_module_i_2/ll_to_axi_pdu_i/ : Warning: NUMERIC_STD.TO_INTEGER: metavalue detected, returning 0
# restart
# run 25.00us
Simulator is doing circuit initialization process.
at 0 ps: Note: WARNING: Behavioral models for independent clock FIFO configurations do not model synchronization delays. The behavioral models are functionally correct, and will represent the behavior of the configured FIFO. See the FIFO Generator User Guide for more information. (/aurora_top_tb/uut/aurora_i_1/tx_fifo/U0/gaxis_fifo/gaxisf/axisf/).
at 0 ps: Note: WARNING: Behavioral models for independent clock FIFO configurations do not model synchronization delays. The behavioral models are functionally correct, and will represent the behavior of the configured FIFO. See the FIFO Generator User Guide for more information. (/aurora_top_tb/uut/aurora_i_1/rx_fifo/U0/gaxis_fifo/gaxisf/axisf/).
at 0 ps, Instance /aurora_top_tb/uut/aurora_i_1/aurora_module_i/ll_to_axi_pdu_i/ : Warning: NUMERIC_STD.TO_INTEGER: metavalue detected, returning 0
at 0 ps, Instance /aurora_top_tb/uut/aurora_i_1/aurora_module_i/aurora8b10b_1_rx_ll_i/rx_ll_pdu_datapath_i/stage_2_valid_data_counter_i/ : Warning: There is an 'U'|'X'|'W'|'Z'|'-' in an arithmetic operand, the result will be 'X'(es).
at 0 ps, Instance /aurora_top_tb/uut/aurora_i_1/aurora_module_i/aurora8b10b_1_rx_ll_i/rx_ll_pdu_datapath_i/stage_2_valid_data_counter_i/ : Warning: There is an 'U'|'X'|'W'|'Z'|'-' in an arithmetic operand, the result will be 'X'(es).
at 0 ps: Note: WARNING: Behavioral models for independent clock FIFO configurations do not model synchronization delays. The behavioral models are functionally correct, and will represent the behavior of the configured FIFO. See the FIFO Generator User Guide for more information. (/aurora_top_tb/uut/aurora_i_2/tx_fifo/U0/gaxis_fifo/gaxisf/axisf/).
at 0 ps: Note: WARNING: Behavioral models for independent clock FIFO configurations do not model synchronization delays. The behavioral models are functionally correct, and will represent the behavior of the configured FIFO. See the FIFO Generator User Guide for more information. (/aurora_top_tb/uut/aurora_i_2/rx_fifo/U0/gaxis_fifo/gaxisf/axisf/).
at 0 ps, Instance /aurora_top_tb/uut/aurora_i_2/aurora_module_i_2/ll_to_axi_pdu_i/ : Warning: NUMERIC_STD.TO_INTEGER: metavalue detected, returning 0
at 0 ps, Instance /aurora_top_tb/uut/aurora_i_2/aurora_module_i_2/aurora8b10b_2_rx_ll_i/rx_ll_pdu_datapath_i/stage_2_valid_data_counter_i/ : Warning: There is an 'U'|'X'|'W'|'Z'|'-' in an arithmetic operand, the result will be 'X'(es).
at 0 ps, Instance /aurora_top_tb/uut/aurora_i_2/aurora_module_i_2/aurora8b10b_2_rx_ll_i/rx_ll_pdu_datapath_i/stage_2_valid_data_counter_i/ : Warning: There is an 'U'|'X'|'W'|'Z'|'-' in an arithmetic operand, the result will be 'X'(es).
Finished circuit initialization process.
at 1277247 ps(2), Instance /aurora_top_tb/uut/aurora_i_1/aurora_module_i/ll_to_axi_pdu_i/ : Warning: NUMERIC_STD.TO_INTEGER: metavalue detected, returning 0
at 1277247 ps(2), Instance /aurora_top_tb/uut/aurora_i_2/aurora_module_i_2/ll_to_axi_pdu_i/ : Warning: NUMERIC_STD.TO_INTEGER: metavalue detected, returning 0
ISim P.20131013 (signature 0x8ef4fb42)
----------------------------------------------------------------------
INFO:Security:50 - The XILINXD_LICENSE_FILE environment variable is set to '2100@pc176'.
INFO:Security:53 - The LM_LICENSE_FILE environment variable is not set.
WARNING:Security:43 - No license file was found in the standard Xilinx license directory.
WARNING:Security:44 - Since no license file was found,
       please run the Xilinx License Configuration Manager
       (xlcm or "Manage Xilinx Licenses")
       to assist in obtaining a license.
WARNING:Security:42 - Your software subscription period has lapsed. Your current version of Xilinx tools will continue to function, but you no longer qualify for Xilinx software updates or new releases.


----------------------------------------------------------------------
This is a Full version of ISim.
# run 1000 ns
Simulator is doing circuit initialization process.
at 0 ps: Note: WARNING: Behavioral models for independent clock FIFO configurations do not model synchronization delays. The behavioral models are functionally correct, and will represent the behavior of the configured FIFO. See the FIFO Generator User Guide for more information. (/aurora_top_tb/uut/aurora_i_1/tx_fifo/U0/gaxis_fifo/gaxisf/axisf/).
at 0 ps: Note: WARNING: Behavioral models for independent clock FIFO configurations do not model synchronization delays. The behavioral models are functionally correct, and will represent the behavior of the configured FIFO. See the FIFO Generator User Guide for more information. (/aurora_top_tb/uut/aurora_i_1/rx_fifo/U0/gaxis_fifo/gaxisf/axisf/).
at 0 ps, Instance /aurora_top_tb/uut/aurora_i_1/aurora_module_i/axi_to_ll_pdu_i/ : Warning: There is an 'U'|'X'|'W'|'Z'|'-' in an arithmetic operand, the result will be 'X'(es).
at 0 ps, Instance /aurora_top_tb/uut/aurora_i_1/aurora_module_i/ll_to_axi_pdu_i/ : Warning: NUMERIC_STD.TO_INTEGER: metavalue detected, returning 0
at 0 ps, Instance /aurora_top_tb/uut/aurora_i_1/aurora_module_i/aurora8b10b_1_rx_ll_i/rx_ll_pdu_datapath_i/stage_2_valid_data_counter_i/ : Warning: There is an 'U'|'X'|'W'|'Z'|'-' in an arithmetic operand, the result will be 'X'(es).
at 0 ps, Instance /aurora_top_tb/uut/aurora_i_1/aurora_module_i/aurora8b10b_1_rx_ll_i/rx_ll_pdu_datapath_i/stage_2_valid_data_counter_i/ : Warning: There is an 'U'|'X'|'W'|'Z'|'-' in an arithmetic operand, the result will be 'X'(es).
at 0 ps: Note: WARNING: Behavioral models for independent clock FIFO configurations do not model synchronization delays. The behavioral models are functionally correct, and will represent the behavior of the configured FIFO. See the FIFO Generator User Guide for more information. (/aurora_top_tb/uut/aurora_i_2/tx_fifo/U0/gaxis_fifo/gaxisf/axisf/).
at 0 ps: Note: WARNING: Behavioral models for independent clock FIFO configurations do not model synchronization delays. The behavioral models are functionally correct, and will represent the behavior of the configured FIFO. See the FIFO Generator User Guide for more information. (/aurora_top_tb/uut/aurora_i_2/rx_fifo/U0/gaxis_fifo/gaxisf/axisf/).
at 0 ps, Instance /aurora_top_tb/uut/aurora_i_2/aurora_module_i_2/ll_to_axi_pdu_i/ : Warning: NUMERIC_STD.TO_INTEGER: metavalue detected, returning 0
at 0 ps, Instance /aurora_top_tb/uut/aurora_i_2/aurora_module_i_2/aurora8b10b_2_rx_ll_i/rx_ll_pdu_datapath_i/stage_2_valid_data_counter_i/ : Warning: There is an 'U'|'X'|'W'|'Z'|'-' in an arithmetic operand, the result will be 'X'(es).
at 0 ps, Instance /aurora_top_tb/uut/aurora_i_2/aurora_module_i_2/aurora8b10b_2_rx_ll_i/rx_ll_pdu_datapath_i/stage_2_valid_data_counter_i/ : Warning: There is an 'U'|'X'|'W'|'Z'|'-' in an arithmetic operand, the result will be 'X'(es).
Finished circuit initialization process.
# restart
# run 25.00us
Simulator is doing circuit initialization process.
at 0 ps: Note: WARNING: Behavioral models for independent clock FIFO configurations do not model synchronization delays. The behavioral models are functionally correct, and will represent the behavior of the configured FIFO. See the FIFO Generator User Guide for more information. (/aurora_top_tb/uut/aurora_i_1/tx_fifo/U0/gaxis_fifo/gaxisf/axisf/).
at 0 ps: Note: WARNING: Behavioral models for independent clock FIFO configurations do not model synchronization delays. The behavioral models are functionally correct, and will represent the behavior of the configured FIFO. See the FIFO Generator User Guide for more information. (/aurora_top_tb/uut/aurora_i_1/rx_fifo/U0/gaxis_fifo/gaxisf/axisf/).
at 0 ps, Instance /aurora_top_tb/uut/aurora_i_1/aurora_module_i/ll_to_axi_pdu_i/ : Warning: NUMERIC_STD.TO_INTEGER: metavalue detected, returning 0
at 0 ps, Instance /aurora_top_tb/uut/aurora_i_1/aurora_module_i/aurora8b10b_1_rx_ll_i/rx_ll_pdu_datapath_i/stage_2_valid_data_counter_i/ : Warning: There is an 'U'|'X'|'W'|'Z'|'-' in an arithmetic operand, the result will be 'X'(es).
at 0 ps, Instance /aurora_top_tb/uut/aurora_i_1/aurora_module_i/aurora8b10b_1_rx_ll_i/rx_ll_pdu_datapath_i/stage_2_valid_data_counter_i/ : Warning: There is an 'U'|'X'|'W'|'Z'|'-' in an arithmetic operand, the result will be 'X'(es).
at 0 ps: Note: WARNING: Behavioral models for independent clock FIFO configurations do not model synchronization delays. The behavioral models are functionally correct, and will represent the behavior of the configured FIFO. See the FIFO Generator User Guide for more information. (/aurora_top_tb/uut/aurora_i_2/tx_fifo/U0/gaxis_fifo/gaxisf/axisf/).
at 0 ps: Note: WARNING: Behavioral models for independent clock FIFO configurations do not model synchronization delays. The behavioral models are functionally correct, and will represent the behavior of the configured FIFO. See the FIFO Generator User Guide for more information. (/aurora_top_tb/uut/aurora_i_2/rx_fifo/U0/gaxis_fifo/gaxisf/axisf/).
at 0 ps, Instance /aurora_top_tb/uut/aurora_i_2/aurora_module_i_2/ll_to_axi_pdu_i/ : Warning: NUMERIC_STD.TO_INTEGER: metavalue detected, returning 0
at 0 ps, Instance /aurora_top_tb/uut/aurora_i_2/aurora_module_i_2/aurora8b10b_2_rx_ll_i/rx_ll_pdu_datapath_i/stage_2_valid_data_counter_i/ : Warning: There is an 'U'|'X'|'W'|'Z'|'-' in an arithmetic operand, the result will be 'X'(es).
at 0 ps, Instance /aurora_top_tb/uut/aurora_i_2/aurora_module_i_2/aurora8b10b_2_rx_ll_i/rx_ll_pdu_datapath_i/stage_2_valid_data_counter_i/ : Warning: There is an 'U'|'X'|'W'|'Z'|'-' in an arithmetic operand, the result will be 'X'(es).
Finished circuit initialization process.
at 1277247 ps(2), Instance /aurora_top_tb/uut/aurora_i_1/aurora_module_i/ll_to_axi_pdu_i/ : Warning: NUMERIC_STD.TO_INTEGER: metavalue detected, returning 0
at 1277247 ps(2), Instance /aurora_top_tb/uut/aurora_i_2/aurora_module_i_2/ll_to_axi_pdu_i/ : Warning: NUMERIC_STD.TO_INTEGER: metavalue detected, returning 0
ISim P.20131013 (signature 0x8ef4fb42)
----------------------------------------------------------------------
INFO:Security:50 - The XILINXD_LICENSE_FILE environment variable is set to '2100@pc176'.
INFO:Security:53 - The LM_LICENSE_FILE environment variable is not set.
WARNING:Security:43 - No license file was found in the standard Xilinx license directory.
WARNING:Security:44 - Since no license file was found,
       please run the Xilinx License Configuration Manager
       (xlcm or "Manage Xilinx Licenses")
       to assist in obtaining a license.
WARNING:Security:42 - Your software subscription period has lapsed. Your current version of Xilinx tools will continue to function, but you no longer qualify for Xilinx software updates or new releases.


----------------------------------------------------------------------
This is a Full version of ISim.
# run 1000 ns
Simulator is doing circuit initialization process.
at 0 ps: Note: WARNING: Behavioral models for independent clock FIFO configurations do not model synchronization delays. The behavioral models are functionally correct, and will represent the behavior of the configured FIFO. See the FIFO Generator User Guide for more information. (/aurora_top_tb/uut/aurora_i_1/tx_fifo/U0/gaxis_fifo/gaxisf/axisf/).
at 0 ps: Note: WARNING: Behavioral models for independent clock FIFO configurations do not model synchronization delays. The behavioral models are functionally correct, and will represent the behavior of the configured FIFO. See the FIFO Generator User Guide for more information. (/aurora_top_tb/uut/aurora_i_1/rx_fifo/U0/gaxis_fifo/gaxisf/axisf/).
at 0 ps, Instance /aurora_top_tb/uut/aurora_i_1/aurora_module_i/axi_to_ll_pdu_i/ : Warning: There is an 'U'|'X'|'W'|'Z'|'-' in an arithmetic operand, the result will be 'X'(es).
at 0 ps, Instance /aurora_top_tb/uut/aurora_i_1/aurora_module_i/ll_to_axi_pdu_i/ : Warning: NUMERIC_STD.TO_INTEGER: metavalue detected, returning 0
at 0 ps, Instance /aurora_top_tb/uut/aurora_i_1/aurora_module_i/aurora8b10b_1_rx_ll_i/rx_ll_pdu_datapath_i/stage_2_valid_data_counter_i/ : Warning: There is an 'U'|'X'|'W'|'Z'|'-' in an arithmetic operand, the result will be 'X'(es).
at 0 ps, Instance /aurora_top_tb/uut/aurora_i_1/aurora_module_i/aurora8b10b_1_rx_ll_i/rx_ll_pdu_datapath_i/stage_2_valid_data_counter_i/ : Warning: There is an 'U'|'X'|'W'|'Z'|'-' in an arithmetic operand, the result will be 'X'(es).
at 0 ps: Note: WARNING: Behavioral models for independent clock FIFO configurations do not model synchronization delays. The behavioral models are functionally correct, and will represent the behavior of the configured FIFO. See the FIFO Generator User Guide for more information. (/aurora_top_tb/uut/aurora_i_2/tx_fifo/U0/gaxis_fifo/gaxisf/axisf/).
at 0 ps: Note: WARNING: Behavioral models for independent clock FIFO configurations do not model synchronization delays. The behavioral models are functionally correct, and will represent the behavior of the configured FIFO. See the FIFO Generator User Guide for more information. (/aurora_top_tb/uut/aurora_i_2/rx_fifo/U0/gaxis_fifo/gaxisf/axisf/).
at 0 ps, Instance /aurora_top_tb/uut/aurora_i_2/aurora_module_i_2/ll_to_axi_pdu_i/ : Warning: NUMERIC_STD.TO_INTEGER: metavalue detected, returning 0
at 0 ps, Instance /aurora_top_tb/uut/aurora_i_2/aurora_module_i_2/aurora8b10b_2_rx_ll_i/rx_ll_pdu_datapath_i/stage_2_valid_data_counter_i/ : Warning: There is an 'U'|'X'|'W'|'Z'|'-' in an arithmetic operand, the result will be 'X'(es).
at 0 ps, Instance /aurora_top_tb/uut/aurora_i_2/aurora_module_i_2/aurora8b10b_2_rx_ll_i/rx_ll_pdu_datapath_i/stage_2_valid_data_counter_i/ : Warning: There is an 'U'|'X'|'W'|'Z'|'-' in an arithmetic operand, the result will be 'X'(es).
Finished circuit initialization process.
# restart
# run 25.00us
Simulator is doing circuit initialization process.
at 0 ps: Note: WARNING: Behavioral models for independent clock FIFO configurations do not model synchronization delays. The behavioral models are functionally correct, and will represent the behavior of the configured FIFO. See the FIFO Generator User Guide for more information. (/aurora_top_tb/uut/aurora_i_1/tx_fifo/U0/gaxis_fifo/gaxisf/axisf/).
at 0 ps: Note: WARNING: Behavioral models for independent clock FIFO configurations do not model synchronization delays. The behavioral models are functionally correct, and will represent the behavior of the configured FIFO. See the FIFO Generator User Guide for more information. (/aurora_top_tb/uut/aurora_i_1/rx_fifo/U0/gaxis_fifo/gaxisf/axisf/).
at 0 ps, Instance /aurora_top_tb/uut/aurora_i_1/aurora_module_i/ll_to_axi_pdu_i/ : Warning: NUMERIC_STD.TO_INTEGER: metavalue detected, returning 0
at 0 ps, Instance /aurora_top_tb/uut/aurora_i_1/aurora_module_i/aurora8b10b_1_rx_ll_i/rx_ll_pdu_datapath_i/stage_2_valid_data_counter_i/ : Warning: There is an 'U'|'X'|'W'|'Z'|'-' in an arithmetic operand, the result will be 'X'(es).
at 0 ps, Instance /aurora_top_tb/uut/aurora_i_1/aurora_module_i/aurora8b10b_1_rx_ll_i/rx_ll_pdu_datapath_i/stage_2_valid_data_counter_i/ : Warning: There is an 'U'|'X'|'W'|'Z'|'-' in an arithmetic operand, the result will be 'X'(es).
at 0 ps: Note: WARNING: Behavioral models for independent clock FIFO configurations do not model synchronization delays. The behavioral models are functionally correct, and will represent the behavior of the configured FIFO. See the FIFO Generator User Guide for more information. (/aurora_top_tb/uut/aurora_i_2/tx_fifo/U0/gaxis_fifo/gaxisf/axisf/).
at 0 ps: Note: WARNING: Behavioral models for independent clock FIFO configurations do not model synchronization delays. The behavioral models are functionally correct, and will represent the behavior of the configured FIFO. See the FIFO Generator User Guide for more information. (/aurora_top_tb/uut/aurora_i_2/rx_fifo/U0/gaxis_fifo/gaxisf/axisf/).
at 0 ps, Instance /aurora_top_tb/uut/aurora_i_2/aurora_module_i_2/ll_to_axi_pdu_i/ : Warning: NUMERIC_STD.TO_INTEGER: metavalue detected, returning 0
at 0 ps, Instance /aurora_top_tb/uut/aurora_i_2/aurora_module_i_2/aurora8b10b_2_rx_ll_i/rx_ll_pdu_datapath_i/stage_2_valid_data_counter_i/ : Warning: There is an 'U'|'X'|'W'|'Z'|'-' in an arithmetic operand, the result will be 'X'(es).
at 0 ps, Instance /aurora_top_tb/uut/aurora_i_2/aurora_module_i_2/aurora8b10b_2_rx_ll_i/rx_ll_pdu_datapath_i/stage_2_valid_data_counter_i/ : Warning: There is an 'U'|'X'|'W'|'Z'|'-' in an arithmetic operand, the result will be 'X'(es).
Finished circuit initialization process.
at 1277247 ps(2), Instance /aurora_top_tb/uut/aurora_i_1/aurora_module_i/ll_to_axi_pdu_i/ : Warning: NUMERIC_STD.TO_INTEGER: metavalue detected, returning 0
at 1277247 ps(2), Instance /aurora_top_tb/uut/aurora_i_2/aurora_module_i_2/ll_to_axi_pdu_i/ : Warning: NUMERIC_STD.TO_INTEGER: metavalue detected, returning 0
ISim P.20131013 (signature 0x8ef4fb42)
----------------------------------------------------------------------
INFO:Security:50 - The XILINXD_LICENSE_FILE environment variable is set to '2100@pc176'.
INFO:Security:53 - The LM_LICENSE_FILE environment variable is not set.
WARNING:Security:43 - No license file was found in the standard Xilinx license directory.
WARNING:Security:44 - Since no license file was found,
       please run the Xilinx License Configuration Manager
       (xlcm or "Manage Xilinx Licenses")
       to assist in obtaining a license.
WARNING:Security:42 - Your software subscription period has lapsed. Your current version of Xilinx tools will continue to function, but you no longer qualify for Xilinx software updates or new releases.


----------------------------------------------------------------------
This is a Full version of ISim.
# run 1000 ns
Simulator is doing circuit initialization process.
at 0 ps: Note: WARNING: Behavioral models for independent clock FIFO configurations do not model synchronization delays. The behavioral models are functionally correct, and will represent the behavior of the configured FIFO. See the FIFO Generator User Guide for more information. (/aurora_top_tb/uut/aurora_i_1/tx_fifo/U0/gaxis_fifo/gaxisf/axisf/).
at 0 ps: Note: WARNING: Behavioral models for independent clock FIFO configurations do not model synchronization delays. The behavioral models are functionally correct, and will represent the behavior of the configured FIFO. See the FIFO Generator User Guide for more information. (/aurora_top_tb/uut/aurora_i_1/rx_fifo/U0/gaxis_fifo/gaxisf/axisf/).
at 0 ps, Instance /aurora_top_tb/uut/aurora_i_1/aurora_module_i/axi_to_ll_pdu_i/ : Warning: There is an 'U'|'X'|'W'|'Z'|'-' in an arithmetic operand, the result will be 'X'(es).
at 0 ps, Instance /aurora_top_tb/uut/aurora_i_1/aurora_module_i/ll_to_axi_pdu_i/ : Warning: NUMERIC_STD.TO_INTEGER: metavalue detected, returning 0
at 0 ps, Instance /aurora_top_tb/uut/aurora_i_1/aurora_module_i/aurora8b10b_1_rx_ll_i/rx_ll_pdu_datapath_i/stage_2_valid_data_counter_i/ : Warning: There is an 'U'|'X'|'W'|'Z'|'-' in an arithmetic operand, the result will be 'X'(es).
at 0 ps, Instance /aurora_top_tb/uut/aurora_i_1/aurora_module_i/aurora8b10b_1_rx_ll_i/rx_ll_pdu_datapath_i/stage_2_valid_data_counter_i/ : Warning: There is an 'U'|'X'|'W'|'Z'|'-' in an arithmetic operand, the result will be 'X'(es).
at 0 ps: Note: WARNING: Behavioral models for independent clock FIFO configurations do not model synchronization delays. The behavioral models are functionally correct, and will represent the behavior of the configured FIFO. See the FIFO Generator User Guide for more information. (/aurora_top_tb/uut/aurora_i_2/tx_fifo/U0/gaxis_fifo/gaxisf/axisf/).
at 0 ps: Note: WARNING: Behavioral models for independent clock FIFO configurations do not model synchronization delays. The behavioral models are functionally correct, and will represent the behavior of the configured FIFO. See the FIFO Generator User Guide for more information. (/aurora_top_tb/uut/aurora_i_2/rx_fifo/U0/gaxis_fifo/gaxisf/axisf/).
at 0 ps, Instance /aurora_top_tb/uut/aurora_i_2/aurora_module_i_2/ll_to_axi_pdu_i/ : Warning: NUMERIC_STD.TO_INTEGER: metavalue detected, returning 0
at 0 ps, Instance /aurora_top_tb/uut/aurora_i_2/aurora_module_i_2/aurora8b10b_2_rx_ll_i/rx_ll_pdu_datapath_i/stage_2_valid_data_counter_i/ : Warning: There is an 'U'|'X'|'W'|'Z'|'-' in an arithmetic operand, the result will be 'X'(es).
at 0 ps, Instance /aurora_top_tb/uut/aurora_i_2/aurora_module_i_2/aurora8b10b_2_rx_ll_i/rx_ll_pdu_datapath_i/stage_2_valid_data_counter_i/ : Warning: There is an 'U'|'X'|'W'|'Z'|'-' in an arithmetic operand, the result will be 'X'(es).
Finished circuit initialization process.
# restart
# run 25.00us
Simulator is doing circuit initialization process.
at 0 ps: Note: WARNING: Behavioral models for independent clock FIFO configurations do not model synchronization delays. The behavioral models are functionally correct, and will represent the behavior of the configured FIFO. See the FIFO Generator User Guide for more information. (/aurora_top_tb/uut/aurora_i_1/tx_fifo/U0/gaxis_fifo/gaxisf/axisf/).
at 0 ps: Note: WARNING: Behavioral models for independent clock FIFO configurations do not model synchronization delays. The behavioral models are functionally correct, and will represent the behavior of the configured FIFO. See the FIFO Generator User Guide for more information. (/aurora_top_tb/uut/aurora_i_1/rx_fifo/U0/gaxis_fifo/gaxisf/axisf/).
at 0 ps, Instance /aurora_top_tb/uut/aurora_i_1/aurora_module_i/ll_to_axi_pdu_i/ : Warning: NUMERIC_STD.TO_INTEGER: metavalue detected, returning 0
at 0 ps, Instance /aurora_top_tb/uut/aurora_i_1/aurora_module_i/aurora8b10b_1_rx_ll_i/rx_ll_pdu_datapath_i/stage_2_valid_data_counter_i/ : Warning: There is an 'U'|'X'|'W'|'Z'|'-' in an arithmetic operand, the result will be 'X'(es).
at 0 ps, Instance /aurora_top_tb/uut/aurora_i_1/aurora_module_i/aurora8b10b_1_rx_ll_i/rx_ll_pdu_datapath_i/stage_2_valid_data_counter_i/ : Warning: There is an 'U'|'X'|'W'|'Z'|'-' in an arithmetic operand, the result will be 'X'(es).
at 0 ps: Note: WARNING: Behavioral models for independent clock FIFO configurations do not model synchronization delays. The behavioral models are functionally correct, and will represent the behavior of the configured FIFO. See the FIFO Generator User Guide for more information. (/aurora_top_tb/uut/aurora_i_2/tx_fifo/U0/gaxis_fifo/gaxisf/axisf/).
at 0 ps: Note: WARNING: Behavioral models for independent clock FIFO configurations do not model synchronization delays. The behavioral models are functionally correct, and will represent the behavior of the configured FIFO. See the FIFO Generator User Guide for more information. (/aurora_top_tb/uut/aurora_i_2/rx_fifo/U0/gaxis_fifo/gaxisf/axisf/).
at 0 ps, Instance /aurora_top_tb/uut/aurora_i_2/aurora_module_i_2/ll_to_axi_pdu_i/ : Warning: NUMERIC_STD.TO_INTEGER: metavalue detected, returning 0
at 0 ps, Instance /aurora_top_tb/uut/aurora_i_2/aurora_module_i_2/aurora8b10b_2_rx_ll_i/rx_ll_pdu_datapath_i/stage_2_valid_data_counter_i/ : Warning: There is an 'U'|'X'|'W'|'Z'|'-' in an arithmetic operand, the result will be 'X'(es).
at 0 ps, Instance /aurora_top_tb/uut/aurora_i_2/aurora_module_i_2/aurora8b10b_2_rx_ll_i/rx_ll_pdu_datapath_i/stage_2_valid_data_counter_i/ : Warning: There is an 'U'|'X'|'W'|'Z'|'-' in an arithmetic operand, the result will be 'X'(es).
Finished circuit initialization process.
at 1277247 ps(2), Instance /aurora_top_tb/uut/aurora_i_1/aurora_module_i/ll_to_axi_pdu_i/ : Warning: NUMERIC_STD.TO_INTEGER: metavalue detected, returning 0
at 1277247 ps(2), Instance /aurora_top_tb/uut/aurora_i_2/aurora_module_i_2/ll_to_axi_pdu_i/ : Warning: NUMERIC_STD.TO_INTEGER: metavalue detected, returning 0
# restart
# run 25.00us
Simulator is doing circuit initialization process.
at 0 ps: Note: WARNING: Behavioral models for independent clock FIFO configurations do not model synchronization delays. The behavioral models are functionally correct, and will represent the behavior of the configured FIFO. See the FIFO Generator User Guide for more information. (/aurora_top_tb/uut/aurora_i_1/tx_fifo/U0/gaxis_fifo/gaxisf/axisf/).
at 0 ps: Note: WARNING: Behavioral models for independent clock FIFO configurations do not model synchronization delays. The behavioral models are functionally correct, and will represent the behavior of the configured FIFO. See the FIFO Generator User Guide for more information. (/aurora_top_tb/uut/aurora_i_1/rx_fifo/U0/gaxis_fifo/gaxisf/axisf/).
at 0 ps, Instance /aurora_top_tb/uut/aurora_i_1/aurora_module_i/ll_to_axi_pdu_i/ : Warning: NUMERIC_STD.TO_INTEGER: metavalue detected, returning 0
at 0 ps, Instance /aurora_top_tb/uut/aurora_i_1/aurora_module_i/aurora8b10b_1_rx_ll_i/rx_ll_pdu_datapath_i/stage_2_valid_data_counter_i/ : Warning: There is an 'U'|'X'|'W'|'Z'|'-' in an arithmetic operand, the result will be 'X'(es).
at 0 ps, Instance /aurora_top_tb/uut/aurora_i_1/aurora_module_i/aurora8b10b_1_rx_ll_i/rx_ll_pdu_datapath_i/stage_2_valid_data_counter_i/ : Warning: There is an 'U'|'X'|'W'|'Z'|'-' in an arithmetic operand, the result will be 'X'(es).
at 0 ps: Note: WARNING: Behavioral models for independent clock FIFO configurations do not model synchronization delays. The behavioral models are functionally correct, and will represent the behavior of the configured FIFO. See the FIFO Generator User Guide for more information. (/aurora_top_tb/uut/aurora_i_2/tx_fifo/U0/gaxis_fifo/gaxisf/axisf/).
at 0 ps: Note: WARNING: Behavioral models for independent clock FIFO configurations do not model synchronization delays. The behavioral models are functionally correct, and will represent the behavior of the configured FIFO. See the FIFO Generator User Guide for more information. (/aurora_top_tb/uut/aurora_i_2/rx_fifo/U0/gaxis_fifo/gaxisf/axisf/).
at 0 ps, Instance /aurora_top_tb/uut/aurora_i_2/aurora_module_i_2/ll_to_axi_pdu_i/ : Warning: NUMERIC_STD.TO_INTEGER: metavalue detected, returning 0
at 0 ps, Instance /aurora_top_tb/uut/aurora_i_2/aurora_module_i_2/aurora8b10b_2_rx_ll_i/rx_ll_pdu_datapath_i/stage_2_valid_data_counter_i/ : Warning: There is an 'U'|'X'|'W'|'Z'|'-' in an arithmetic operand, the result will be 'X'(es).
at 0 ps, Instance /aurora_top_tb/uut/aurora_i_2/aurora_module_i_2/aurora8b10b_2_rx_ll_i/rx_ll_pdu_datapath_i/stage_2_valid_data_counter_i/ : Warning: There is an 'U'|'X'|'W'|'Z'|'-' in an arithmetic operand, the result will be 'X'(es).
Finished circuit initialization process.
at 1277247 ps(2), Instance /aurora_top_tb/uut/aurora_i_1/aurora_module_i/ll_to_axi_pdu_i/ : Warning: NUMERIC_STD.TO_INTEGER: metavalue detected, returning 0
at 1277247 ps(2), Instance /aurora_top_tb/uut/aurora_i_2/aurora_module_i_2/ll_to_axi_pdu_i/ : Warning: NUMERIC_STD.TO_INTEGER: metavalue detected, returning 0
The simulator has terminated in an unexpected manner.  Please review the ISim log (isim.log) for details.
